

[  5%] Built target prec
[ 11%] Built target color
[ 17%] Built target cmdl
[ 29%] [ 47%] Built target solver_1d
Built target der
[ 58%] Built target solver_3d
[ 64%] Built target md
[ 70%] Built target io
[ 76%] Built target mesh
[ 82%] Built target field
[ 88%] Built target navier3d
[100%] Built target testnav


iter=80,re=1e-2, to=1,0, pt=1
    20 2,500000E-01 5,521350E-05 1,041761E-01 
    40 1,250000E-01 5,199387E-05 9,993861E-02 0,09 0,06
    80 6,250000E-02 5,098481E-05 9,858118E-02 0,03 0,02
   160 3,125000E-02 5,054894E-05 9,791619E-02 0,01 0,01
   320 1,562500E-02 5,009244E-05 9,712620E-02 0,01 0,01
   640 7,812500E-03 4,930165E-05 9,571422E-02 0,02 0,02
  1280 3,906250E-03 4,781736E-05 9,305045E-02 0,04 0,04
  2560 1,953125E-03 4,511228E-05 8,818500E-02 0,08 0,08
  5120 9,765625E-04 4,054416E-05 7,994017E-02 0,15 0,14
 10240 4,882812E-04 3,375446E-05 6,760352E-02 0,26 0,24


iter=10240,re=1e-2, to=1,0, pt=3
    20 2,500000E-01 8,843502E-04 9,825531E-01 
    40 1,250000E-01 8,838628E-04 1,011778E+00 0,00 -0,04
    80 6,250000E-02 8,829279E-04 1,026726E+00 0,00 -0,02
   160 3,125000E-02 8,810850E-04 1,032878E+00 0,00 -0,01
   320 1,562500E-02 8,774334E-04 1,033076E+00 0,01 -0,00
   640 7,812500E-03 8,702288E-04 1,027472E+00 0,01 0,01
  1280 3,906250E-03 8,561839E-04 1,013587E+00 0,02 0,02
  2560 1,953125E-03 8,294587E-04 9,857136E-01 0,05 0,04
  5120 9,765625E-04 7,808788E-04 9,342833E-01 0,09 0,08
 10240 4,882812E-04 6,994818E-04 8,474952E-01 0,16 0,14


iter=10240,re=1e-2, to=2,0, pt=1
    20 2,500000E-01 5,118856E-05 9,890608E-02 
    40 1,250000E-01 5,072925E-05 9,827356E-02 0,01 0,01
    80 6,250000E-02 5,057106E-05 9,799301E-02 0,00 0,00
   160 3,125000E-02 5,027101E-05 9,745497E-02 0,01 0,01
   320 1,562500E-02 4,968188E-05 9,639822E-02 0,02 0,02
   640 7,812500E-03 4,854501E-05 9,435768E-02 0,03 0,03
  1280 3,906250E-03 4,642384E-05 9,054552E-02 0,06 0,06
  2560 1,953125E-03 4,270341E-05 8,384202E-02 0,12 0,11
  5120 9,765625E-04 3,683207E-05 7,320935E-02 0,21 0,20
 10240 4,882812E-04 2,894323E-05 5,878229E-02 0,35 0,32


iter=10240,re=1e-2, to=2,0, pt=3
    20 2,500000E-01 8,840810E-04 1,026061E+00 
    40 1,250000E-01 8,833759E-04 1,041003E+00 0,00 -0,02
    80 6,250000E-02 8,819950E-04 1,041677E+00 0,00 -0,00
   160 3,125000E-02 8,792499E-04 1,039039E+00 0,00 0,00
   320 1,562500E-02 8,738131E-04 1,033307E+00 0,01 0,01
   640 7,812500E-03 8,631458E-04 1,021994E+00 0,02 0,02
  1280 3,906250E-03 8,426009E-04 1,000185E+00 0,03 0,03
  2560 1,953125E-03 8,044080E-04 9,595868E-01 0,07 0,06
  5120 9,765625E-04 7,378559E-04 8,886530E-01 0,12 0,11
 10240 4,882812E-04 6,339382E-04 7,772732E-01 0,22 0,19


iter=10240,re=1e-2, to=3,0, pt=1
    20 2,500000E-01 5,092861E-05 9,855771E-02 
    40 1,250000E-01 5,069467E-05 9,821118E-02 0,01 0,01
    80 6,250000E-02 5,050415E-05 9,787289E-02 0,01 0,00
   160 3,125000E-02 5,013887E-05 9,721796E-02 0,01 0,01
   320 1,562500E-02 4,942455E-05 9,593650E-02 0,02 0,02
   640 7,812500E-03 4,805666E-05 9,348059E-02 0,04 0,04
  1280 3,906250E-03 4,554078E-05 8,895648E-02 0,08 0,07
  2560 1,953125E-03 4,123862E-05 8,119605E-02 0,14 0,13
  5120 9,765625E-04 3,472026E-05 6,936544E-02 0,25 0,23
 10240 4,882812E-04 2,644316E-05 5,416444E-02 0,39 0,36


iter=10240,re=1e-2, to=3,0, pt=3
    20 2,500000E-01 8,839016E-04 1,055066E+00 
    40 1,250000E-01 8,830650E-04 1,045325E+00 0,00 0,01
    80 6,250000E-02 8,813829E-04 1,041644E+00 0,00 0,01
   160 3,125000E-02 8,780356E-04 1,037829E+00 0,01 0,01
   320 1,562500E-02 8,714190E-04 1,030777E+00 0,01 0,01
   640 7,812500E-03 8,584909E-04 1,017056E+00 0,02 0,02
  1280 3,906250E-03 8,337916E-04 9,908273E-01 0,04 0,04
  2560 1,953125E-03 7,885615E-04 9,427202E-01 0,08 0,07
  5120 9,765625E-04 7,118044E-04 8,608096E-01 0,15 0,13
 10240 4,882812E-04 5,968854E-04 7,373254E-01 0,25 0,22


iter=10240,re=1e-2, to=1,1, pt=1
    20 2,500000E-01 5,521350E-05 1,041761E-01 
    40 1,250000E-01 5,199387E-05 9,993861E-02 0,09 0,06
    80 6,250000E-02 5,098481E-05 9,858118E-02 0,03 0,02
   160 3,125000E-02 5,054894E-05 9,791619E-02 0,01 0,01
   320 1,562500E-02 5,009244E-05 9,712620E-02 0,01 0,01
   640 7,812500E-03 4,930165E-05 9,571422E-02 0,02 0,02
  1280 3,906250E-03 4,781736E-05 9,305045E-02 0,04 0,04
  2560 1,953125E-03 4,511228E-05 8,818500E-02 0,08 0,08
  5120 9,765625E-04 4,054416E-05 7,994017E-02 0,15 0,14
 10240 4,882812E-04 3,375446E-05 6,760352E-02 0,26 0,24


iter=10240,re=1e-2, to=1,1, pt=3
    20 2,500000E-01 8,843502E-04 9,825531E-01 
    40 1,250000E-01 8,838628E-04 1,011778E+00 0,00 -0,04
    80 6,250000E-02 8,829279E-04 1,026726E+00 0,00 -0,02
   160 3,125000E-02 8,810850E-04 1,032878E+00 0,00 -0,01
   320 1,562500E-02 8,774334E-04 1,033076E+00 0,01 -0,00
   640 7,812500E-03 8,702288E-04 1,027472E+00 0,01 0,01
  1280 3,906250E-03 8,561839E-04 1,013587E+00 0,02 0,02
  2560 1,953125E-03 8,294587E-04 9,857136E-01 0,05 0,04
  5120 9,765625E-04 7,808788E-04 9,342833E-01 0,09 0,08
 10240 4,882812E-04 6,994818E-04 8,474952E-01 0,16 0,14


iter=10240,re=1e-2, to=2,1, pt=1
    20 2,500000E-01 5,118856E-05 9,890608E-02 
    40 1,250000E-01 5,072925E-05 9,827356E-02 0,01 0,01
    80 6,250000E-02 5,057106E-05 9,799301E-02 0,00 0,00
   160 3,125000E-02 5,027101E-05 9,745497E-02 0,01 0,01
   320 1,562500E-02 4,968188E-05 9,639822E-02 0,02 0,02
   640 7,812500E-03 4,854501E-05 9,435768E-02 0,03 0,03
  1280 3,906250E-03 4,642384E-05 9,054552E-02 0,06 0,06
  2560 1,953125E-03 4,270341E-05 8,384202E-02 0,12 0,11
  5120 9,765625E-04 3,683207E-05 7,320935E-02 0,21 0,20
 10240 4,882812E-04 2,894323E-05 5,878229E-02 0,35 0,32


iter=10240,re=1e-2, to=2,1, pt=3
    20 2,500000E-01 8,840810E-04 1,026061E+00 
    40 1,250000E-01 8,833759E-04 1,041003E+00 0,00 -0,02
    80 6,250000E-02 8,819950E-04 1,041677E+00 0,00 -0,00
   160 3,125000E-02 8,792499E-04 1,039039E+00 0,00 0,00
   320 1,562500E-02 8,738131E-04 1,033307E+00 0,01 0,01
   640 7,812500E-03 8,631458E-04 1,021994E+00 0,02 0,02
  1280 3,906250E-03 8,426009E-04 1,000185E+00 0,03 0,03
  2560 1,953125E-03 8,044080E-04 9,595868E-01 0,07 0,06
  5120 9,765625E-04 7,378559E-04 8,886530E-01 0,12 0,11
 10240 4,882812E-04 6,339382E-04 7,772732E-01 0,22 0,19


iter=10240,re=1e-2, to=3,1, pt=1
    20 2,500000E-01 5,092861E-05 9,855771E-02 
    40 1,250000E-01 5,069467E-05 9,821118E-02 0,01 0,01
    80 6,250000E-02 5,050415E-05 9,787289E-02 0,01 0,00
   160 3,125000E-02 5,013887E-05 9,721796E-02 0,01 0,01
   320 1,562500E-02 4,942455E-05 9,593650E-02 0,02 0,02
   640 7,812500E-03 4,805666E-05 9,348059E-02 0,04 0,04
  1280 3,906250E-03 4,554078E-05 8,895648E-02 0,08 0,07
  2560 1,953125E-03 4,123862E-05 8,119605E-02 0,14 0,13
  5120 9,765625E-04 3,472026E-05 6,936544E-02 0,25 0,23
 10240 4,882812E-04 2,644316E-05 5,416444E-02 0,39 0,36


iter=10240,re=1e-2, to=3,1, pt=3
    20 2,500000E-01 8,839016E-04 1,055066E+00 
    40 1,250000E-01 8,830650E-04 1,045325E+00 0,00 0,01
    80 6,250000E-02 8,813829E-04 1,041644E+00 0,00 0,01
   160 3,125000E-02 8,780356E-04 1,037829E+00 0,01 0,01
   320 1,562500E-02 8,714190E-04 1,030777E+00 0,01 0,01
   640 7,812500E-03 8,584909E-04 1,017056E+00 0,02 0,02
  1280 3,906250E-03 8,337916E-04 9,908273E-01 0,04 0,04
  2560 1,953125E-03 7,885615E-04 9,427202E-01 0,08 0,07
  5120 9,765625E-04 7,118044E-04 8,608096E-01 0,15 0,13
 10240 4,882812E-04 5,968854E-04 7,373254E-01 0,25 0,22


iter=10240,re=1e-2, to=1,2, pt=1
    20 2,500000E-01 5,235803E-05 1,066792E-01 
    40 1,250000E-01 3,578085E-05 8,782180E-02 0,55 0,28
    80 6,250000E-02 2,005268E-05 5,673295E-02 0,84 0,63
   160 3,125000E-02 7,854533E-06 2,521837E-02 1,35 1,17
   320 1,562500E-02 2,240903E-06 8,294719E-03 1,81 1,60
   640 7,812500E-03 5,314143E-07 2,696058E-03 2,08 1,62
  1280 3,906250E-03 1,106491E-07 1,088130E-03 2,26 1,31
  2560 1,953125E-03 1,992474E-08 5,155608E-04 2,47 1,08
  5120 9,765625E-04 3,191565E-09 2,556878E-04 2,64 1,01
 10240 4,882812E-04 1,399304E-09 1,277544E-04 1,19 1,00


iter=10240,re=1e-2, to=1,2, pt=3
    20 2,500000E-01 6,353937E-04 7,787386E-01 
    40 1,250000E-01 2,838905E-04 4,439588E-01 1,16 0,81
    80 6,250000E-02 8,996705E-05 1,625851E-01 1,66 1,45
   160 3,125000E-02 2,359838E-05 4,275973E-02 1,93 1,93
   320 1,562500E-02 5,892293E-06 9,686928E-03 2,00 2,14
   640 7,812500E-03 1,440928E-06 2,060971E-03 2,03 2,23
  1280 3,906250E-03 3,435676E-07 7,020891E-04 2,07 1,55
  2560 1,953125E-03 7,842296E-08 4,098973E-04 2,13 0,78
  5120 9,765625E-04 1,662213E-08 2,329513E-04 2,24 0,82
 10240 4,882812E-04 3,155963E-09 1,237791E-04 2,40 0,91


iter=10240,re=1e-2, to=2,2, pt=1
    20 2,500000E-01 4,842866E-05 1,020540E-01 
    40 1,250000E-01 3,537368E-05 8,421769E-02 0,45 0,28
    80 6,250000E-02 1,986156E-05 5,442623E-02 0,83 0,63
   160 3,125000E-02 7,669184E-06 2,345438E-02 1,37 1,21
   320 1,562500E-02 2,126641E-06 6,908792E-03 1,85 1,76
   640 7,812500E-03 4,804996E-07 1,612341E-03 2,15 2,10
  1280 3,906250E-03 9,274529E-08 3,212180E-04 2,37 2,33
  2560 1,953125E-03 1,513535E-08 5,478374E-05 2,62 2,55
  5120 9,765625E-04 2,457544E-09 8,803590E-06 2,62 2,64
 10240 4,882812E-04 2,219437E-09 3,995761E-06 0,15 1,14


iter=10240,re=1e-2, to=2,2, pt=3
    20 2,500000E-01 6,350762E-04 8,205641E-01 
    40 1,250000E-01 2,835248E-04 4,686463E-01 1,16 0,81
    80 6,250000E-02 8,969466E-05 1,741730E-01 1,66 1,43
   160 3,125000E-02 2,344911E-05 4,820154E-02 1,94 1,85
   320 1,562500E-02 5,817870E-06 1,215384E-02 2,01 1,99
   640 7,812500E-03 1,405386E-06 2,950440E-03 2,05 2,04
  1280 3,906250E-03 3,274586E-07 6,890970E-04 2,10 2,10
  2560 1,953125E-03 7,174108E-08 1,511999E-04 2,19 2,19
  5120 9,765625E-04 1,422938E-08 2,992740E-05 2,33 2,34
 10240 4,882812E-04 2,461811E-09 5,090658E-06 2,53 2,56


iter=10240,re=1e-2, to=3,2, pt=1
    20 2,500000E-01 4,877258E-05 1,004308E-01 
    40 1,250000E-01 3,529741E-05 8,401681E-02 0,47 0,26
    80 6,250000E-02 1,974715E-05 5,415160E-02 0,84 0,63
   160 3,125000E-02 7,549949E-06 2,312941E-02 1,39 1,23
   320 1,562500E-02 2,055504E-06 6,701585E-03 1,88 1,79
   640 7,812500E-03 4,507252E-07 1,522845E-03 2,19 2,14
  1280 3,906250E-03 8,325415E-08 2,919055E-04 2,44 2,38
  2560 1,953125E-03 1,292736E-08 4,768160E-05 2,69 2,61
  5120 9,765625E-04 2,287368E-09 7,861439E-06 2,50 2,60
 10240 4,882812E-04 2,854798E-09 4,828114E-06 -0,32 0,70


iter=10240,re=1e-2, to=3,2, pt=3
    20 2,500000E-01 6,348759E-04 8,486178E-01 
    40 1,250000E-01 2,832978E-04 4,723284E-01 1,16 0,85
    80 6,250000E-02 8,951926E-05 1,743531E-01 1,66 1,44
   160 3,125000E-02 2,335221E-05 4,808222E-02 1,94 1,86
   320 1,562500E-02 5,769830E-06 1,207111E-02 2,02 1,99
   640 7,812500E-03 1,382824E-06 2,908809E-03 2,06 2,05
  1280 3,906250E-03 3,175639E-07 6,704863E-04 2,12 2,12
  2560 1,953125E-03 6,787251E-08 1,438674E-04 2,23 2,22
  5120 9,765625E-04 1,297257E-08 2,754013E-05 2,39 2,39
 10240 4,882812E-04 2,146345E-09 4,499935E-06 2,60 2,61


iter=10240,re=1e-2, to=1,3, pt=1
    20 2,500000E-01 5,395683E-05 1,422382E-01 
    40 1,250000E-01 2,595873E-05 8,365219E-02 1,06 0,77
    80 6,250000E-02 9,941172E-06 3,211920E-02 1,38 1,38
   160 3,125000E-02 2,186438E-06 1,008953E-02 2,18 1,67
   320 1,562500E-02 5,153948E-07 4,315868E-03 2,08 1,23
   640 7,812500E-03 1,206324E-07 2,069239E-03 2,10 1,06
  1280 3,906250E-03 2,700221E-08 1,024387E-03 2,16 1,01
  2560 1,953125E-03 5,560798E-09 5,111082E-04 2,28 1,00
  5120 9,765625E-04 9,728325E-10 2,554506E-04 2,52 1,00
 10240 4,882812E-04 1,132504E-09 1,277247E-04 -0,22 1,00


iter=10240,re=1e-2, to=1,3, pt=3
    20 2,500000E-01 5,693649E-04 1,654327E+00 
    40 1,250000E-01 2,567629E-04 4,337058E-01 1,15 1,93
    80 6,250000E-02 6,411243E-05 1,108234E-01 2,00 1,97
   160 3,125000E-02 1,581849E-05 3,094531E-02 2,02 1,84
   320 1,562500E-02 7,763467E-06 1,506961E-02 1,03 1,04
   640 7,812500E-03 3,885304E-02 6,862260E+01 -12,29 -12,15
  1280 3,906250E-03 2,857121E+07 5,974567E+10 -29,45 -29,70
  2560 1,953125E-03 1,191603E+16 4,246155E+19 -28,64 -29,40
  5120 9,765625E-04 9,702889E+03 2,389624E+07 40,16 40,69
 10240 4,882812E-04 2,578288E-09 1,313191E-04 41,78 37,40


iter=10240,re=1e-2, to=2,3, pt=1
    20 2,500000E-01 5,383592E-05 1,355900E-01 
    40 1,250000E-01 2,582952E-05 7,359595E-02 1,06 0,88
    80 6,250000E-02 9,838091E-06 2,688163E-02 1,39 1,45
   160 3,125000E-02 2,150487E-06 5,681659E-03 2,19 2,24
   320 1,562500E-02 4,999411E-07 1,310235E-03 2,10 2,12
   640 7,812500E-03 1,140330E-07 2,987284E-04 2,13 2,13
  1280 3,906250E-03 2,443762E-08 6,422078E-05 2,22 2,22
  2560 1,953125E-03 4,668825E-09 1,233316E-05 2,39 2,38
  5120 9,765625E-04 8,586215E-10 1,320876E-06 2,44 3,22
 10240 4,882812E-04 2,054791E-09 2,785823E-06 -1,26 -1,08


iter=10240,re=1e-2, to=2,3, pt=3
    20 2,500000E-01 5,689661E-04 1,668049E+00 
    40 1,250000E-01 2,564765E-04 4,064541E-01 1,15 2,04
    80 6,250000E-02 6,398931E-05 9,580543E-02 2,00 2,08
   160 3,125000E-02 1,575987E-05 2,319175E-02 2,02 2,05
   320 1,562500E-02 4,598768E-06 8,602100E-03 1,78 1,43
   640 7,812500E-03 1,391322E-02 2,026485E+01 -11,56 -11,20
  1280 3,906250E-03 1,018237E+05 1,496861E+08 -22,80 -22,82
  2560 1,953125E-03 2,565969E+05 4,489391E+08 -1,33 -1,58
  5120 9,765625E-04 1,135642E-08 1,680670E-05 44,36 44,60
 10240 4,882812E-04 2,243849E-09 3,362719E-06 2,34 2,32


iter=10240,re=1e-2, to=3,3, pt=1
    20 2,500000E-01 5,287323E-05 1,321797E-01 
    40 1,250000E-01 2,589245E-05 7,339411E-02 1,03 0,85
    80 6,250000E-02 9,777830E-06 2,671960E-02 1,40 1,46
   160 3,125000E-02 2,127600E-06 5,622097E-03 2,20 2,25
   320 1,562500E-02 4,901619E-07 1,285052E-03 2,12 2,13
   640 7,812500E-03 1,100239E-07 2,884242E-04 2,16 2,16
  1280 3,906250E-03 2,298345E-08 6,047645E-05 2,26 2,25
  2560 1,953125E-03 4,206791E-09 1,110279E-05 2,45 2,45
  5120 9,765625E-04 9,855251E-10 8,773052E-07 2,09 3,66
 10240 4,882812E-04 2,723805E-09 3,834917E-06 -1,47 -2,13


iter=10240,re=1e-2, to=3,3, pt=3
    20 2,500000E-01 5,686847E-04 1,677767E+00 
    40 1,250000E-01 2,562854E-04 4,019844E-01 1,15 2,06
    80 6,250000E-02 6,390568E-05 9,511841E-02 2,00 2,08
   160 3,125000E-02 1,571979E-05 2,306245E-02 2,02 2,04
   320 1,562500E-02 3,992114E-06 6,443139E-03 1,98 1,84
   640 7,812500E-03 2,742137E-03 6,007900E+00 -9,42 -9,86
  1280 3,906250E-03 1,757585E+03 2,782055E+06 -19,29 -18,82
  2560 1,953125E-03 3,510291E-03 8,569271E+00 18,93 18,31
  5120 9,765625E-04 1,072176E-08 1,591070E-05 18,32 19,04
 10240 4,882812E-04 2,053807E-09 3,094390E-06 2,38 2,36


iter=10240,re=1e-2, to=1,0, pt=1
    20 2,500000E-01 5,445547E-05 1,038470E-01 
    40 1,250000E-01 5,130716E-05 9,971641E-02 0,09 0,06
    80 6,250000E-02 5,031995E-05 9,839021E-02 0,03 0,02
   160 3,125000E-02 4,989193E-05 9,773379E-02 0,01 0,01
   320 1,562500E-02 4,944173E-05 9,694687E-02 0,01 0,01
   640 7,812500E-03 4,866091E-05 9,553737E-02 0,02 0,02
  1280 3,906250E-03 4,719510E-05 9,287750E-02 0,04 0,04
  2560 1,953125E-03 4,452362E-05 8,801890E-02 0,08 0,08
  5120 9,765625E-04 4,001225E-05 7,978545E-02 0,15 0,14
 10240 4,882812E-04 3,330695E-05 6,746521E-02 0,26 0,24


iter=10240,re=1e-2, to=1,0, pt=3
    20 2,500000E-01 8,887803E-04 9,728270E-01 
    40 1,250000E-01 8,882912E-04 1,001757E+00 0,00 -0,04
    80 6,250000E-02 8,873528E-04 1,016548E+00 0,00 -0,02
   160 3,125000E-02 8,855030E-04 1,022621E+00 0,00 -0,01
   320 1,562500E-02 8,818378E-04 1,022781E+00 0,01 -0,00
   640 7,812500E-03 8,746062E-04 1,017160E+00 0,01 0,01
  1280 3,906250E-03 8,605084E-04 1,003273E+00 0,02 0,02
  2560 1,953125E-03 8,336823E-04 9,754095E-01 0,05 0,04
  5120 9,765625E-04 7,849170E-04 9,240048E-01 0,09 0,08


[  5%] [ 11%] Built target prec
Built target color
[ 17%] Built target cmdl
[ 35%] [ 47%] Built target der
Built target solver_3d
[ 58%] Built target solver_1d
[ 64%] Built target md
[ 70%] Built target io
[ 76%] [ 82%] Built target mesh
Built target field
[ 88%] Built target navier3d
[100%] Built target testnav


iter=80,re=1e-2, to=2,2, pt=1
    20 2,500000E-01 4,778168E-05 1,018343E-01 
    40 1,250000E-01 3,487002E-05 8,402729E-02 0,45 0,28
    80 6,250000E-02 1,953244E-05 5,418454E-02 0,84 0,63
   160 3,125000E-02 7,501589E-06 2,319923E-02 1,38 1,22
   320 1,562500E-02 2,069339E-06 6,781415E-03 1,86 1,77
   640 7,812500E-03 4,662504E-07 1,576458E-03 2,15 2,10
